<?xml version="1.0" encoding="utf-8" standalone="no"?>
<!--This file represents the results of running a test suite-->
<test-results name="C:\Users\Mark\Documents\GitHub\CSharp\ProfessionalTDDwCSharp\Ch 4\TicTacToe\UnitTests\bin\Debug\TicTacToe.UnitTests.dll" total="2" errors="0" failures="0" not-run="0" inconclusive="0" ignored="0" skipped="0" invalid="0" date="2016-06-04" time="22:19:12">
  <environment nunit-version="2.6.3.13283" clr-version="2.0.50727.5485" os-version="Microsoft Windows NT 6.1.7601 Service Pack 1" platform="Win32NT" cwd="C:\Program Files (x86)\NUnit 2.6.3\bin" machine-name="MARK7-DT" user="Mark" user-domain="Mark7-dt" />
  <culture-info current-culture="en-US" current-uiculture="en-US" />
  <test-suite type="Assembly" name="C:\Users\Mark\Documents\GitHub\CSharp\ProfessionalTDDwCSharp\Ch 4\TicTacToe\UnitTests\bin\Debug\TicTacToe.UnitTests.dll" executed="True" result="Success" success="True" time="0.076" asserts="0">
    <results>
      <test-suite type="Namespace" name="TicTacToe" executed="True" result="Success" success="True" time="0.063" asserts="0">
        <results>
          <test-suite type="Namespace" name="UnitTests" executed="True" result="Success" success="True" time="0.063" asserts="0">
            <results>
              <test-suite type="TestFixture" name="GameWinnerServiceTests" executed="True" result="Success" success="True" time="0.061" asserts="0">
                <results>
                  <test-case name="TicTacToe.UnitTests.GameWinnerServiceTests.NeitherPlayerHasThreeInARow" executed="True" result="Success" success="True" time="0.046" asserts="0" />
                  <test-case name="TicTacToe.UnitTests.GameWinnerServiceTests.PlayerWithAllSpacesInTopRowIsWinner" executed="True" result="Success" success="True" time="0.001" asserts="0" />
                </results>
              </test-suite>
            </results>
          </test-suite>
        </results>
      </test-suite>
    </results>
  </test-suite>
</test-results>